\BOOKMARK [0][-]{chapter.1}{\376\377\0001\000\040\000N\000a\000m\000e\000s\000p\000a\000c\000e\000\040\000I\000n\000d\000e\000x}{}% 1
\BOOKMARK [1][-]{section.1.1}{\376\377\0001\000.\0001\000\040\000N\000a\000m\000e\000s\000p\000a\000c\000e\000\040\000L\000i\000s\000t}{chapter.1}% 2
\BOOKMARK [0][-]{chapter.2}{\376\377\0002\000\040\000H\000i\000e\000r\000a\000r\000c\000h\000i\000c\000a\000l\000\040\000I\000n\000d\000e\000x}{}% 3
\BOOKMARK [1][-]{section.2.1}{\376\377\0002\000.\0001\000\040\000C\000l\000a\000s\000s\000\040\000H\000i\000e\000r\000a\000r\000c\000h\000y}{chapter.2}% 4
\BOOKMARK [0][-]{chapter.3}{\376\377\0003\000\040\000C\000l\000a\000s\000s\000\040\000I\000n\000d\000e\000x}{}% 5
\BOOKMARK [1][-]{section.3.1}{\376\377\0003\000.\0001\000\040\000C\000l\000a\000s\000s\000\040\000L\000i\000s\000t}{chapter.3}% 6
\BOOKMARK [0][-]{chapter.4}{\376\377\0004\000\040\000F\000i\000l\000e\000\040\000I\000n\000d\000e\000x}{}% 7
\BOOKMARK [1][-]{section.4.1}{\376\377\0004\000.\0001\000\040\000F\000i\000l\000e\000\040\000L\000i\000s\000t}{chapter.4}% 8
\BOOKMARK [0][-]{chapter.5}{\376\377\0005\000\040\000N\000a\000m\000e\000s\000p\000a\000c\000e\000\040\000D\000o\000c\000u\000m\000e\000n\000t\000a\000t\000i\000o\000n}{}% 9
\BOOKMARK [1][-]{section.5.1}{\376\377\0005\000.\0001\000\040\000U\000i\000\040\000N\000a\000m\000e\000s\000p\000a\000c\000e\000\040\000R\000e\000f\000e\000r\000e\000n\000c\000e}{chapter.5}% 10
\BOOKMARK [2][-]{subsection.5.1.1}{\376\377\0005\000.\0001\000.\0001\000\040\000D\000e\000t\000a\000i\000l\000e\000d\000\040\000D\000e\000s\000c\000r\000i\000p\000t\000i\000o\000n}{section.5.1}% 11
\BOOKMARK [0][-]{chapter.6}{\376\377\0006\000\040\000C\000l\000a\000s\000s\000\040\000D\000o\000c\000u\000m\000e\000n\000t\000a\000t\000i\000o\000n}{}% 12
\BOOKMARK [1][-]{section.6.1}{\376\377\0006\000.\0001\000\040\000D\000e\000b\000u\000g\000\040\000C\000l\000a\000s\000s\000\040\000R\000e\000f\000e\000r\000e\000n\000c\000e}{chapter.6}% 13
\BOOKMARK [2][-]{subsection.6.1.1}{\376\377\0006\000.\0001\000.\0001\000\040\000D\000e\000t\000a\000i\000l\000e\000d\000\040\000D\000e\000s\000c\000r\000i\000p\000t\000i\000o\000n}{section.6.1}% 14
\BOOKMARK [2][-]{subsection.6.1.2}{\376\377\0006\000.\0001\000.\0002\000\040\000C\000o\000n\000s\000t\000r\000u\000c\000t\000o\000r\000\040\000\046\000\040\000D\000e\000s\000t\000r\000u\000c\000t\000o\000r\000\040\000D\000o\000c\000u\000m\000e\000n\000t\000a\000t\000i\000o\000n}{section.6.1}% 15
\BOOKMARK [3][-]{subsubsection.6.1.2.1}{\376\377\0006\000.\0001\000.\0002\000.\0001\000\040\000D\000e\000b\000u\000g\000\050\000\051}{subsection.6.1.2}% 16
\BOOKMARK [2][-]{subsection.6.1.3}{\376\377\0006\000.\0001\000.\0003\000\040\000M\000e\000m\000b\000e\000r\000\040\000F\000u\000n\000c\000t\000i\000o\000n\000\040\000D\000o\000c\000u\000m\000e\000n\000t\000a\000t\000i\000o\000n}{section.6.1}% 17
\BOOKMARK [3][-]{subsubsection.6.1.3.1}{\376\377\0006\000.\0001\000.\0003\000.\0001\000\040\000s\000p\000e\000e\000d\000U\000p\000\050\000\051}{subsection.6.1.3}% 18
\BOOKMARK [1][-]{section.6.2}{\376\377\0006\000.\0002\000\040\000I\000n\000t\000e\000l\000l\000i\000g\000e\000n\000c\000e\000\040\000C\000l\000a\000s\000s\000\040\000R\000e\000f\000e\000r\000e\000n\000c\000e}{chapter.6}% 19
\BOOKMARK [2][-]{subsection.6.2.1}{\376\377\0006\000.\0002\000.\0001\000\040\000D\000e\000t\000a\000i\000l\000e\000d\000\040\000D\000e\000s\000c\000r\000i\000p\000t\000i\000o\000n}{section.6.2}% 20
\BOOKMARK [2][-]{subsection.6.2.2}{\376\377\0006\000.\0002\000.\0002\000\040\000C\000o\000n\000s\000t\000r\000u\000c\000t\000o\000r\000\040\000\046\000\040\000D\000e\000s\000t\000r\000u\000c\000t\000o\000r\000\040\000D\000o\000c\000u\000m\000e\000n\000t\000a\000t\000i\000o\000n}{section.6.2}% 21
\BOOKMARK [3][-]{subsubsection.6.2.2.1}{\376\377\0006\000.\0002\000.\0002\000.\0001\000\040\000I\000n\000t\000e\000l\000l\000i\000g\000e\000n\000c\000e\000\050\000\051}{subsection.6.2.2}% 22
\BOOKMARK [2][-]{subsection.6.2.3}{\376\377\0006\000.\0002\000.\0003\000\040\000M\000e\000m\000b\000e\000r\000\040\000F\000u\000n\000c\000t\000i\000o\000n\000\040\000D\000o\000c\000u\000m\000e\000n\000t\000a\000t\000i\000o\000n}{section.6.2}% 23
\BOOKMARK [3][-]{subsubsection.6.2.3.1}{\376\377\0006\000.\0002\000.\0003\000.\0001\000\040\000i\000n\000c\000r\000e\000a\000s\000e\000I\000n\000t\000e\000l\000l\000i\000g\000e\000n\000c\000e\000\050\000\051}{subsection.6.2.3}% 24
\BOOKMARK [2][-]{subsection.6.2.4}{\376\377\0006\000.\0002\000.\0004\000\040\000M\000e\000m\000b\000e\000r\000\040\000D\000a\000t\000a\000\040\000D\000o\000c\000u\000m\000e\000n\000t\000a\000t\000i\000o\000n}{section.6.2}% 25
\BOOKMARK [3][-]{subsubsection.6.2.4.1}{\376\377\0006\000.\0002\000.\0004\000.\0001\000\040\000i\000n\000t\000e\000l\000l\000i\000g\000e\000n\000c\000e\000B\000a\000l\000a\000n\000c\000e}{subsection.6.2.4}% 26
\BOOKMARK [1][-]{section.6.3}{\376\377\0006\000.\0003\000\040\000M\000a\000i\000n\000W\000i\000n\000d\000o\000w\000\040\000C\000l\000a\000s\000s\000\040\000R\000e\000f\000e\000r\000e\000n\000c\000e}{chapter.6}% 27
\BOOKMARK [2][-]{subsection.6.3.1}{\376\377\0006\000.\0003\000.\0001\000\040\000D\000e\000t\000a\000i\000l\000e\000d\000\040\000D\000e\000s\000c\000r\000i\000p\000t\000i\000o\000n}{section.6.3}% 28
\BOOKMARK [2][-]{subsection.6.3.2}{\376\377\0006\000.\0003\000.\0002\000\040\000C\000o\000n\000s\000t\000r\000u\000c\000t\000o\000r\000\040\000\046\000\040\000D\000e\000s\000t\000r\000u\000c\000t\000o\000r\000\040\000D\000o\000c\000u\000m\000e\000n\000t\000a\000t\000i\000o\000n}{section.6.3}% 29
\BOOKMARK [3][-]{subsubsection.6.3.2.1}{\376\377\0006\000.\0003\000.\0002\000.\0001\000\040\000M\000a\000i\000n\000W\000i\000n\000d\000o\000w\000\050\000\051}{subsection.6.3.2}% 30
\BOOKMARK [3][-]{subsubsection.6.3.2.2}{\376\377\0006\000.\0003\000.\0002\000.\0002\000\040\000\040\000M\000a\000i\000n\000W\000i\000n\000d\000o\000w\000\050\000\051}{subsection.6.3.2}% 31
\BOOKMARK [1][-]{section.6.4}{\376\377\0006\000.\0004\000\040\000P\000e\000n\000c\000i\000l\000\040\000C\000l\000a\000s\000s\000\040\000R\000e\000f\000e\000r\000e\000n\000c\000e}{chapter.6}% 32
\BOOKMARK [2][-]{subsection.6.4.1}{\376\377\0006\000.\0004\000.\0001\000\040\000D\000e\000t\000a\000i\000l\000e\000d\000\040\000D\000e\000s\000c\000r\000i\000p\000t\000i\000o\000n}{section.6.4}% 33
\BOOKMARK [2][-]{subsection.6.4.2}{\376\377\0006\000.\0004\000.\0002\000\040\000C\000o\000n\000s\000t\000r\000u\000c\000t\000o\000r\000\040\000\046\000\040\000D\000e\000s\000t\000r\000u\000c\000t\000o\000r\000\040\000D\000o\000c\000u\000m\000e\000n\000t\000a\000t\000i\000o\000n}{section.6.4}% 34
\BOOKMARK [3][-]{subsubsection.6.4.2.1}{\376\377\0006\000.\0004\000.\0002\000.\0001\000\040\000P\000e\000n\000c\000i\000l\000\050\000\051}{subsection.6.4.2}% 35
\BOOKMARK [2][-]{subsection.6.4.3}{\376\377\0006\000.\0004\000.\0003\000\040\000M\000e\000m\000b\000e\000r\000\040\000F\000u\000n\000c\000t\000i\000o\000n\000\040\000D\000o\000c\000u\000m\000e\000n\000t\000a\000t\000i\000o\000n}{section.6.4}% 36
\BOOKMARK [3][-]{subsubsection.6.4.3.1}{\376\377\0006\000.\0004\000.\0003\000.\0001\000\040\000a\000c\000t\000i\000v\000a\000t\000e\000I\000n\000t\000e\000l\000l\000i\000g\000e\000n\000c\000e\000\050\000\051}{subsection.6.4.3}% 37
\BOOKMARK [3][-]{subsubsection.6.4.3.2}{\376\377\0006\000.\0004\000.\0003\000.\0002\000\040\000a\000p\000m\0002\0000\0000\0000\000\050\000\051}{subsection.6.4.3}% 38
\BOOKMARK [3][-]{subsubsection.6.4.3.3}{\376\377\0006\000.\0004\000.\0003\000.\0003\000\040\000b\000u\000y\000A\000p\000m\000\050\000\051}{subsection.6.4.3}% 39
\BOOKMARK [3][-]{subsubsection.6.4.3.4}{\376\377\0006\000.\0004\000.\0003\000.\0004\000\040\000d\000e\000c\000r\000e\000a\000s\000e\000P\000r\000i\000c\000e\000\050\000\051}{subsection.6.4.3}% 40
\BOOKMARK [3][-]{subsubsection.6.4.3.5}{\376\377\0006\000.\0004\000.\0003\000.\0005\000\040\000g\000e\000t\000I\000n\000v\000e\000n\000t\000o\000r\000y\000\050\000\051}{subsection.6.4.3}% 41
\BOOKMARK [3][-]{subsubsection.6.4.3.6}{\376\377\0006\000.\0004\000.\0003\000.\0006\000\040\000i\000n\000c\000r\000e\000a\000s\000e\000P\000r\000i\000c\000e\000\050\000\051}{subsection.6.4.3}% 42
\BOOKMARK [3][-]{subsubsection.6.4.3.7}{\376\377\0006\000.\0004\000.\0003\000.\0007\000\040\000n\000e\000w\000R\000a\000t\000e\000\050\000\051}{subsection.6.4.3}% 43
\BOOKMARK [3][-]{subsubsection.6.4.3.8}{\376\377\0006\000.\0004\000.\0003\000.\0008\000\040\000p\000r\000o\000d\000u\000c\000e\000P\000e\000n\000c\000i\000l\000\050\000\051}{subsection.6.4.3}% 44
\BOOKMARK [3][-]{subsubsection.6.4.3.9}{\376\377\0006\000.\0004\000.\0003\000.\0009\000\040\000r\000o\000u\000n\000d\000\050\000\051}{subsection.6.4.3}% 45
\BOOKMARK [3][-]{subsubsection.6.4.3.10}{\376\377\0006\000.\0004\000.\0003\000.\0001\0000\000\040\000s\000e\000l\000l\000\050\000\051}{subsection.6.4.3}% 46
\BOOKMARK [3][-]{subsubsection.6.4.3.11}{\376\377\0006\000.\0004\000.\0003\000.\0001\0001\000\040\000u\000p\000g\000r\000a\000d\000e\000A\000p\000m\000\050\000\051}{subsection.6.4.3}% 47
\BOOKMARK [3][-]{subsubsection.6.4.3.12}{\376\377\0006\000.\0004\000.\0003\000.\0001\0002\000\040\000u\000p\000g\000r\000a\000d\000e\000M\000a\000r\000k\000e\000t\000i\000n\000g\000\050\000\051}{subsection.6.4.3}% 48
\BOOKMARK [2][-]{subsection.6.4.4}{\376\377\0006\000.\0004\000.\0004\000\040\000M\000e\000m\000b\000e\000r\000\040\000D\000a\000t\000a\000\040\000D\000o\000c\000u\000m\000e\000n\000t\000a\000t\000i\000o\000n}{section.6.4}% 49
\BOOKMARK [3][-]{subsubsection.6.4.4.1}{\376\377\0006\000.\0004\000.\0004\000.\0001\000\040\000a\000p\000m\000F\000r\000a\000c\000t\000i\000o\000n\000a\000l}{subsection.6.4.4}% 50
\BOOKMARK [3][-]{subsubsection.6.4.4.2}{\376\377\0006\000.\0004\000.\0004\000.\0002\000\040\000a\000p\000m\000U\000p\000g\000r\000a\000d\000e\000P\000r\000i\000c\000e}{subsection.6.4.4}% 51
\BOOKMARK [3][-]{subsubsection.6.4.4.3}{\376\377\0006\000.\0004\000.\0004\000.\0003\000\040\000m\000a\000r\000k\000e\000t\000i\000n\000g}{subsection.6.4.4}% 52
\BOOKMARK [3][-]{subsubsection.6.4.4.4}{\376\377\0006\000.\0004\000.\0004\000.\0004\000\040\000m\000a\000r\000k\000e\000t\000i\000n\000g\000U\000p\000g\000r\000a\000d\000e\000P\000r\000i\000c\000e}{subsection.6.4.4}% 53
\BOOKMARK [3][-]{subsubsection.6.4.4.5}{\376\377\0006\000.\0004\000.\0004\000.\0005\000\040\000n\000u\000m\000b\000e\000r\000o\000f\000A\000p\000m}{subsection.6.4.4}% 54
\BOOKMARK [3][-]{subsubsection.6.4.4.6}{\376\377\0006\000.\0004\000.\0004\000.\0006\000\040\000n\000u\000m\000b\000e\000r\000o\000f\000P\000e\000n\000c\000i\000l}{subsection.6.4.4}% 55
\BOOKMARK [3][-]{subsubsection.6.4.4.7}{\376\377\0006\000.\0004\000.\0004\000.\0007\000\040\000p\000e\000n\000c\000i\000l\000s\000F\000o\000r\000U\000p\000g\000r\000a\000d\000e}{subsection.6.4.4}% 56
\BOOKMARK [3][-]{subsubsection.6.4.4.8}{\376\377\0006\000.\0004\000.\0004\000.\0008\000\040\000p\000r\000i\000c\000e\000o\000f\000A\000p\000m}{subsection.6.4.4}% 57
\BOOKMARK [3][-]{subsubsection.6.4.4.9}{\376\377\0006\000.\0004\000.\0004\000.\0009\000\040\000p\000r\000i\000c\000e\000o\000f\000P\000e\000n\000c\000i\000l}{subsection.6.4.4}% 58
\BOOKMARK [3][-]{subsubsection.6.4.4.10}{\376\377\0006\000.\0004\000.\0004\000.\0001\0000\000\040\000r\000a\000t\000e\000o\000f\000A\000p\000m}{subsection.6.4.4}% 59
\BOOKMARK [3][-]{subsubsection.6.4.4.11}{\376\377\0006\000.\0004\000.\0004\000.\0001\0001\000\040\000r\000a\000t\000e\000o\000f\000P\000e\000n\000c\000i\000l}{subsection.6.4.4}% 60
\BOOKMARK [3][-]{subsubsection.6.4.4.12}{\376\377\0006\000.\0004\000.\0004\000.\0001\0002\000\040\000t\000o\000t\000a\000l\000n\000u\000m\000b\000e\000r\000o\000f\000P\000e\000n\000c\000i\000l}{subsection.6.4.4}% 61
\BOOKMARK [1][-]{section.6.5}{\376\377\0006\000.\0005\000\040\000P\000r\000o\000d\000u\000c\000t\000i\000o\000n\000\040\000C\000l\000a\000s\000s\000\040\000R\000e\000f\000e\000r\000e\000n\000c\000e}{chapter.6}% 62
\BOOKMARK [2][-]{subsection.6.5.1}{\376\377\0006\000.\0005\000.\0001\000\040\000D\000e\000t\000a\000i\000l\000e\000d\000\040\000D\000e\000s\000c\000r\000i\000p\000t\000i\000o\000n}{section.6.5}% 63
\BOOKMARK [2][-]{subsection.6.5.2}{\376\377\0006\000.\0005\000.\0002\000\040\000C\000o\000n\000s\000t\000r\000u\000c\000t\000o\000r\000\040\000\046\000\040\000D\000e\000s\000t\000r\000u\000c\000t\000o\000r\000\040\000D\000o\000c\000u\000m\000e\000n\000t\000a\000t\000i\000o\000n}{section.6.5}% 64
\BOOKMARK [3][-]{subsubsection.6.5.2.1}{\376\377\0006\000.\0005\000.\0002\000.\0001\000\040\000P\000r\000o\000d\000u\000c\000t\000i\000o\000n\000\050\000\051}{subsection.6.5.2}% 65
\BOOKMARK [2][-]{subsection.6.5.3}{\376\377\0006\000.\0005\000.\0003\000\040\000M\000e\000m\000b\000e\000r\000\040\000F\000u\000n\000c\000t\000i\000o\000n\000\040\000D\000o\000c\000u\000m\000e\000n\000t\000a\000t\000i\000o\000n}{section.6.5}% 66
\BOOKMARK [3][-]{subsubsection.6.5.3.1}{\376\377\0006\000.\0005\000.\0003\000.\0001\000\040\000b\000u\000y\000G\000r\000a\000p\000h\000i\000t\000e\000\050\000\051}{subsection.6.5.3}% 67
\BOOKMARK [3][-]{subsubsection.6.5.3.2}{\376\377\0006\000.\0005\000.\0003\000.\0002\000\040\000b\000u\000y\000W\000o\000o\000d\000\050\000\051}{subsection.6.5.3}% 68
\BOOKMARK [3][-]{subsubsection.6.5.3.3}{\376\377\0006\000.\0005\000.\0003\000.\0003\000\040\000c\000a\000l\000c\000u\000l\000a\000t\000e\000P\000r\000i\000c\000e\000s\000\050\000\051}{subsection.6.5.3}% 69
\BOOKMARK [3][-]{subsubsection.6.5.3.4}{\376\377\0006\000.\0005\000.\0003\000.\0004\000\040\000d\000e\000c\000r\000e\000a\000s\000e\000G\000r\000a\000p\000h\000i\000t\000e\000\050\000\051}{subsection.6.5.3}% 70
\BOOKMARK [3][-]{subsubsection.6.5.3.5}{\376\377\0006\000.\0005\000.\0003\000.\0005\000\040\000d\000e\000c\000r\000e\000a\000s\000e\000W\000o\000o\000d\000\050\000\051}{subsection.6.5.3}% 71
\BOOKMARK [3][-]{subsubsection.6.5.3.6}{\376\377\0006\000.\0005\000.\0003\000.\0006\000\040\000d\000i\000s\000a\000b\000l\000e\000\137\000b\000u\000y\000G\000r\000a\000p\000h\000i\000t\000e\000\050\000\051}{subsection.6.5.3}% 72
\BOOKMARK [3][-]{subsubsection.6.5.3.7}{\376\377\0006\000.\0005\000.\0003\000.\0007\000\040\000d\000i\000s\000a\000b\000l\000e\000\137\000b\000u\000y\000W\000o\000o\000d\000\050\000\051}{subsection.6.5.3}% 73
\BOOKMARK [3][-]{subsubsection.6.5.3.8}{\376\377\0006\000.\0005\000.\0003\000.\0008\000\040\000g\000e\000t\000G\000r\000a\000p\000h\000i\000t\000e\000\050\000\051}{subsection.6.5.3}% 74
\BOOKMARK [3][-]{subsubsection.6.5.3.9}{\376\377\0006\000.\0005\000.\0003\000.\0009\000\040\000g\000e\000t\000W\000o\000o\000d\000\050\000\051}{subsection.6.5.3}% 75
\BOOKMARK [2][-]{subsection.6.5.4}{\376\377\0006\000.\0005\000.\0004\000\040\000M\000e\000m\000b\000e\000r\000\040\000D\000a\000t\000a\000\040\000D\000o\000c\000u\000m\000e\000n\000t\000a\000t\000i\000o\000n}{section.6.5}% 76
\BOOKMARK [3][-]{subsubsection.6.5.4.1}{\376\377\0006\000.\0005\000.\0004\000.\0001\000\040\000n\000u\000m\000b\000e\000r\000o\000f\000G\000r\000a\000p\000h\000i\000t\000e}{subsection.6.5.4}% 77
\BOOKMARK [3][-]{subsubsection.6.5.4.2}{\376\377\0006\000.\0005\000.\0004\000.\0002\000\040\000n\000u\000m\000b\000e\000r\000o\000f\000W\000o\000o\000d}{subsection.6.5.4}% 78
\BOOKMARK [3][-]{subsubsection.6.5.4.3}{\376\377\0006\000.\0005\000.\0004\000.\0003\000\040\000p\000r\000i\000c\000e\000o\000f\000G\000r\000a\000p\000h\000i\000t\000e}{subsection.6.5.4}% 79
\BOOKMARK [3][-]{subsubsection.6.5.4.4}{\376\377\0006\000.\0005\000.\0004\000.\0004\000\040\000p\000r\000i\000c\000e\000o\000f\000W\000o\000o\000d}{subsection.6.5.4}% 80
\BOOKMARK [1][-]{section.6.6}{\376\377\0006\000.\0006\000\040\000W\000a\000l\000l\000e\000t\000\040\000C\000l\000a\000s\000s\000\040\000R\000e\000f\000e\000r\000e\000n\000c\000e}{chapter.6}% 81
\BOOKMARK [2][-]{subsection.6.6.1}{\376\377\0006\000.\0006\000.\0001\000\040\000D\000e\000t\000a\000i\000l\000e\000d\000\040\000D\000e\000s\000c\000r\000i\000p\000t\000i\000o\000n}{section.6.6}% 82
\BOOKMARK [2][-]{subsection.6.6.2}{\376\377\0006\000.\0006\000.\0002\000\040\000C\000o\000n\000s\000t\000r\000u\000c\000t\000o\000r\000\040\000\046\000\040\000D\000e\000s\000t\000r\000u\000c\000t\000o\000r\000\040\000D\000o\000c\000u\000m\000e\000n\000t\000a\000t\000i\000o\000n}{section.6.6}% 83
\BOOKMARK [3][-]{subsubsection.6.6.2.1}{\376\377\0006\000.\0006\000.\0002\000.\0001\000\040\000W\000a\000l\000l\000e\000t\000\050\000\051}{subsection.6.6.2}% 84
\BOOKMARK [2][-]{subsection.6.6.3}{\376\377\0006\000.\0006\000.\0003\000\040\000M\000e\000m\000b\000e\000r\000\040\000F\000u\000n\000c\000t\000i\000o\000n\000\040\000D\000o\000c\000u\000m\000e\000n\000t\000a\000t\000i\000o\000n}{section.6.6}% 85
\BOOKMARK [3][-]{subsubsection.6.6.3.1}{\376\377\0006\000.\0006\000.\0003\000.\0001\000\040\000g\000e\000t\000B\000a\000l\000a\000n\000c\000e\000\050\000\051}{subsection.6.6.3}% 86
\BOOKMARK [3][-]{subsubsection.6.6.3.2}{\376\377\0006\000.\0006\000.\0003\000.\0002\000\040\000s\000e\000t\000B\000a\000l\000a\000n\000c\000e\000\050\000\051}{subsection.6.6.3}% 87
\BOOKMARK [2][-]{subsection.6.6.4}{\376\377\0006\000.\0006\000.\0004\000\040\000M\000e\000m\000b\000e\000r\000\040\000D\000a\000t\000a\000\040\000D\000o\000c\000u\000m\000e\000n\000t\000a\000t\000i\000o\000n}{section.6.6}% 88
\BOOKMARK [3][-]{subsubsection.6.6.4.1}{\376\377\0006\000.\0006\000.\0004\000.\0001\000\040\000b\000a\000l\000a\000n\000c\000e}{subsection.6.6.4}% 89
\BOOKMARK [0][-]{chapter.7}{\376\377\0007\000\040\000F\000i\000l\000e\000\040\000D\000o\000c\000u\000m\000e\000n\000t\000a\000t\000i\000o\000n}{}% 90
\BOOKMARK [1][-]{section.7.1}{\376\377\0007\000.\0001\000\040\000/\000h\000o\000m\000e\000/\000f\000a\000t\000i\000n\000e\000/\000D\000o\000c\000u\000m\000e\000n\000t\000s\000/\000s\000e\000-\0000\0003\000-\000t\000e\000a\000m\000-\0000\0006\000/\000s\000r\000c\000/\000d\000e\000b\000u\000g\000.\000h\000\040\000F\000i\000l\000e\000\040\000R\000e\000f\000e\000r\000e\000n\000c\000e}{chapter.7}% 91
\BOOKMARK [1][-]{section.7.2}{\376\377\0007\000.\0002\000\040\000/\000h\000o\000m\000e\000/\000f\000a\000t\000i\000n\000e\000/\000D\000o\000c\000u\000m\000e\000n\000t\000s\000/\000s\000e\000-\0000\0003\000-\000t\000e\000a\000m\000-\0000\0006\000/\000s\000r\000c\000/\000i\000n\000t\000e\000l\000l\000i\000g\000e\000n\000c\000e\000.\000h\000\040\000F\000i\000l\000e\000\040\000R\000e\000f\000e\000r\000e\000n\000c\000e}{chapter.7}% 92
\BOOKMARK [2][-]{subsection.7.2.1}{\376\377\0007\000.\0002\000.\0001\000\040\000D\000e\000t\000a\000i\000l\000e\000d\000\040\000D\000e\000s\000c\000r\000i\000p\000t\000i\000o\000n}{section.7.2}% 93
\BOOKMARK [1][-]{section.7.3}{\376\377\0007\000.\0003\000\040\000/\000h\000o\000m\000e\000/\000f\000a\000t\000i\000n\000e\000/\000D\000o\000c\000u\000m\000e\000n\000t\000s\000/\000s\000e\000-\0000\0003\000-\000t\000e\000a\000m\000-\0000\0006\000/\000s\000r\000c\000/\000m\000a\000i\000n\000w\000i\000n\000d\000o\000w\000.\000h\000\040\000F\000i\000l\000e\000\040\000R\000e\000f\000e\000r\000e\000n\000c\000e}{chapter.7}% 94
\BOOKMARK [2][-]{subsection.7.3.1}{\376\377\0007\000.\0003\000.\0001\000\040\000D\000e\000t\000a\000i\000l\000e\000d\000\040\000D\000e\000s\000c\000r\000i\000p\000t\000i\000o\000n}{section.7.3}% 95
\BOOKMARK [1][-]{section.7.4}{\376\377\0007\000.\0004\000\040\000/\000h\000o\000m\000e\000/\000f\000a\000t\000i\000n\000e\000/\000D\000o\000c\000u\000m\000e\000n\000t\000s\000/\000s\000e\000-\0000\0003\000-\000t\000e\000a\000m\000-\0000\0006\000/\000s\000r\000c\000/\000p\000e\000n\000c\000i\000l\000.\000h\000\040\000F\000i\000l\000e\000\040\000R\000e\000f\000e\000r\000e\000n\000c\000e}{chapter.7}% 96
\BOOKMARK [2][-]{subsection.7.4.1}{\376\377\0007\000.\0004\000.\0001\000\040\000D\000e\000t\000a\000i\000l\000e\000d\000\040\000D\000e\000s\000c\000r\000i\000p\000t\000i\000o\000n}{section.7.4}% 97
\BOOKMARK [1][-]{section.7.5}{\376\377\0007\000.\0005\000\040\000/\000h\000o\000m\000e\000/\000f\000a\000t\000i\000n\000e\000/\000D\000o\000c\000u\000m\000e\000n\000t\000s\000/\000s\000e\000-\0000\0003\000-\000t\000e\000a\000m\000-\0000\0006\000/\000s\000r\000c\000/\000p\000r\000o\000d\000u\000c\000t\000i\000o\000n\000.\000h\000\040\000F\000i\000l\000e\000\040\000R\000e\000f\000e\000r\000e\000n\000c\000e}{chapter.7}% 98
\BOOKMARK [2][-]{subsection.7.5.1}{\376\377\0007\000.\0005\000.\0001\000\040\000D\000e\000t\000a\000i\000l\000e\000d\000\040\000D\000e\000s\000c\000r\000i\000p\000t\000i\000o\000n}{section.7.5}% 99
\BOOKMARK [1][-]{section.7.6}{\376\377\0007\000.\0006\000\040\000/\000h\000o\000m\000e\000/\000f\000a\000t\000i\000n\000e\000/\000D\000o\000c\000u\000m\000e\000n\000t\000s\000/\000s\000e\000-\0000\0003\000-\000t\000e\000a\000m\000-\0000\0006\000/\000s\000r\000c\000/\000w\000a\000l\000l\000e\000t\000.\000h\000\040\000F\000i\000l\000e\000\040\000R\000e\000f\000e\000r\000e\000n\000c\000e}{chapter.7}% 100
\BOOKMARK [2][-]{subsection.7.6.1}{\376\377\0007\000.\0006\000.\0001\000\040\000D\000e\000t\000a\000i\000l\000e\000d\000\040\000D\000e\000s\000c\000r\000i\000p\000t\000i\000o\000n}{section.7.6}% 101
\BOOKMARK [0][-]{section*.20}{\376\377\000I\000n\000d\000e\000x}{}% 102
